/usr/lib/ccache/gcc 1 0
/usr/lib/ccache/cc 1 0
/usr/lib/ccache/g++ 1 0
/usr/lib/ccache/c++ 1 0
/usr/lib/ccache/gcc 1 0
/usr/lib/ccache/g++ 1 0
/usr/lib/ccache/cc 1 0
/usr/bin/ccache 1 0
/usr/bin/gcc 1 0
/usr/bin/g++ 1 0
/usr/bin/gdb 1 0
/usr/bin/arm-eabi-gdb 1 0
/bin/cpe 1 1
/usr/bin/m4 1 0
/usr/bin/patch 1 1
/usr/bin/ctags 1 0
/usr/bin/brnvim 1 1
/usr/bin/brndiff 1 1
/usr/bin/brn-evince  1 1
/usr/libexec/gcc/i686-redhat-linux/4.4.3/cc1 1 0
/usr/libexec/gcc/i686-redhat-linux/4.4.3/cc1plus 1 0
/usr/libexec/gcc/i686-redhat-linux/4.4.3/collect2 1 0
/usr/libexec/gcc/i686-redhat-linux/3.4.6/cc1 1 0
/usr/libexec/gcc/i686-redhat-linux/3.4.6/cc1plus 1 0
/usr/libexec/gcc/i686-redhat-linux/3.4.6/collect2 1 0
